Unity Editor version:    2021.2.17f1 (efb8f635e7b1)
Branch:                  2021.2/staging
Build type:              Release
Batch mode:              YES
macOS version:           Version 12.3 (Build 21E230)
Darwin version:          21.4.0
Architecture:            arm64
Running under Rosetta:   NO
Available memory:        16384 MB
Using pre-set license
Pro License: YES

COMMAND LINE ARGUMENTS:
/Applications/Unity/Hub/Editor/2021.2.17f1/Unity.app/Contents/MacOS/Unity
-adb2
-batchMode
-noUpm
-name
AssetImportWorker1
-projectPath
/Users/stevequindo/UnityProjects/Procedural Planets
-logFile
Logs/AssetImportWorker1.log
-srvPort
62755
Successfully changed project path to: /Users/stevequindo/UnityProjects/Procedural Planets
/Users/stevequindo/UnityProjects/Procedural Planets
[UnityMemory] Configuration Parameters - Can be set up in boot.config
    "memorysetup-bucket-allocator-granularity=16"
    "memorysetup-bucket-allocator-bucket-count=8"
    "memorysetup-bucket-allocator-block-size=33554432"
    "memorysetup-bucket-allocator-block-count=8"
    "memorysetup-main-allocator-block-size=16777216"
    "memorysetup-thread-allocator-block-size=16777216"
    "memorysetup-gfx-main-allocator-block-size=16777216"
    "memorysetup-gfx-thread-allocator-block-size=16777216"
    "memorysetup-cache-allocator-block-size=4194304"
    "memorysetup-typetree-allocator-block-size=2097152"
    "memorysetup-profiler-bucket-allocator-granularity=16"
    "memorysetup-profiler-bucket-allocator-bucket-count=8"
    "memorysetup-profiler-bucket-allocator-block-size=33554432"
    "memorysetup-profiler-bucket-allocator-block-count=8"
    "memorysetup-profiler-allocator-block-size=16777216"
    "memorysetup-profiler-editor-allocator-block-size=1048576"
    "memorysetup-temp-allocator-size-main=16777216"
    "memorysetup-job-temp-allocator-block-size=2097152"
    "memorysetup-job-temp-allocator-block-size-background=1048576"
    "memorysetup-job-temp-allocator-reduction-small-platforms=262144"
    "memorysetup-temp-allocator-size-background-worker=32768"
    "memorysetup-temp-allocator-size-job-worker=262144"
    "memorysetup-temp-allocator-size-preload-manager=33554432"
    "memorysetup-temp-allocator-size-nav-mesh-worker=65536"
    "memorysetup-temp-allocator-size-audio-worker=65536"
    "memorysetup-temp-allocator-size-cloud-worker=32768"
    "memorysetup-temp-allocator-size-gi-baking-worker=262144"
    "memorysetup-temp-allocator-size-gfx=262144"
Refreshing native plugins compatible for Editor in 91.02 ms, found 3 plugins.
Preloading 0 native plugins for Editor in 0.00 ms.
Initialize engine version: 2021.2.17f1 (efb8f635e7b1)
[Subsystems] Discovering subsystems at path /Applications/Unity/Hub/Editor/2021.2.17f1/Unity.app/Contents/Resources/UnitySubsystems
[Subsystems] Discovering subsystems at path /Users/stevequindo/UnityProjects/Procedural Planets/Assets
GfxDevice: creating device client; threaded=0; jobified=0
 preferred device: Apple M1 Pro (high power)
Metal devices available: 1
0: Apple M1 Pro (high power)
Using device Apple M1 Pro (high power)
Initializing Metal device caps: Apple M1 Pro
Initialize mono
Mono path[0] = '/Applications/Unity/Hub/Editor/2021.2.17f1/Unity.app/Contents/Managed'
Mono path[1] = '/Applications/Unity/Hub/Editor/2021.2.17f1/Unity.app/Contents/MonoBleedingEdge/lib/mono/unityjit-macos'
Mono config path = '/Applications/Unity/Hub/Editor/2021.2.17f1/Unity.app/Contents/MonoBleedingEdge/etc'
Using monoOptions --debugger-agent=transport=dt_socket,embedding=1,server=y,suspend=n,address=127.0.0.1:56933
Begin MonoManager ReloadAssembly
Registering precompiled unity dll's ...
Register platform support module: /Applications/Unity/Hub/Editor/2021.2.17f1/Unity.app/Contents/PlaybackEngines/MacStandaloneSupport/UnityEditor.OSXStandalone.Extensions.dll
Registered in 0.002196 seconds.
Native extension for OSXStandalone target not found
Refreshing native plugins compatible for Editor in 86.24 ms, found 3 plugins.
Preloading 0 native plugins for Editor in 0.00 ms.
Mono: successfully reloaded assembly
- Completed reload, in  0.533 seconds
Domain Reload Profiling:
	ReloadAssembly (533ms)
		BeginReloadAssembly (61ms)
			ExecutionOrderSort (0ms)
			DisableScriptedObjects (0ms)
			BackupInstance (0ms)
			ReleaseScriptingObjects (0ms)
			CreateAndSetChildDomain (1ms)
		EndReloadAssembly (387ms)
			LoadAssemblies (61ms)
			RebuildTransferFunctionScriptingTraits (0ms)
			SetupTypeCache (84ms)
			ReleaseScriptCaches (0ms)
			RebuildScriptCaches (25ms)
			SetupLoadedEditorAssemblies (244ms)
				LogAssemblyErrors (0ms)
				InitializePlatformSupportModulesInManaged (4ms)
				SetLoadedEditorAssemblies (0ms)
				RefreshPlugins (99ms)
				BeforeProcessingInitializeOnLoad (1ms)
				ProcessInitializeOnLoadAttributes (109ms)
				ProcessInitializeOnLoadMethodAttributes (31ms)
				AfterProcessingInitializeOnLoad (0ms)
				EditorAssembliesLoaded (0ms)
			ExecutionOrderSort2 (0ms)
			AwakeInstancesAfterBackupRestoration (0ms)
Platform modules already initialized, skipping
Registering precompiled user dll's ...
Registered in 0.006959 seconds.
Begin MonoManager ReloadAssembly
Symbol file LoadedFromMemory is not a mono symbol file
Symbol file LoadedFromMemory doesn't match image /Users/stevequindo/UnityProjects/Procedural Planets/Library/PackageCache/com.unity.visualscripting@1.7.6/Editor/VisualScripting.Core/Dependencies/YamlDotNet/Unity.VisualScripting.YamlDotNet.dll
Symbol file LoadedFromMemory doesn't match image /Users/stevequindo/UnityProjects/Procedural Planets/Library/PackageCache/com.unity.visualscripting@1.7.6/Editor/VisualScripting.Core/Dependencies/DotNetZip/Unity.VisualScripting.IonicZip.dll
Symbol file LoadedFromMemory is not a mono symbol file
Symbol file LoadedFromMemory is not a mono symbol file
Symbol file LoadedFromMemory is not a mono symbol file
Native extension for OSXStandalone target not found
Refreshing native plugins compatible for Editor in 0.46 ms, found 3 plugins.
Preloading 0 native plugins for Editor in 0.00 ms.
Mono: successfully reloaded assembly
- Completed reload, in  0.751 seconds
Domain Reload Profiling:
	ReloadAssembly (751ms)
		BeginReloadAssembly (62ms)
			ExecutionOrderSort (0ms)
			DisableScriptedObjects (4ms)
			BackupInstance (0ms)
			ReleaseScriptingObjects (0ms)
			CreateAndSetChildDomain (14ms)
		EndReloadAssembly (600ms)
			LoadAssemblies (48ms)
			RebuildTransferFunctionScriptingTraits (0ms)
			SetupTypeCache (205ms)
			ReleaseScriptCaches (0ms)
			RebuildScriptCaches (43ms)
			SetupLoadedEditorAssemblies (266ms)
				LogAssemblyErrors (0ms)
				InitializePlatformSupportModulesInManaged (3ms)
				SetLoadedEditorAssemblies (0ms)
				RefreshPlugins (0ms)
				BeforeProcessingInitializeOnLoad (66ms)
				ProcessInitializeOnLoadAttributes (177ms)
				ProcessInitializeOnLoadMethodAttributes (19ms)
				AfterProcessingInitializeOnLoad (1ms)
				EditorAssembliesLoaded (0ms)
			ExecutionOrderSort2 (0ms)
			AwakeInstancesAfterBackupRestoration (2ms)
Platform modules already initialized, skipping
========================================================================
Worker process is ready to serve import requests
Launching external process: /Applications/Unity/Hub/Editor/2021.2.17f1/Unity.app/Contents/Tools/UnityShaderCompiler
Launched and connected shader compiler UnityShaderCompiler after 0.05 seconds
Refreshing native plugins compatible for Editor in 0.47 ms, found 3 plugins.
Preloading 0 native plugins for Editor in 0.00 ms.
Unloading 3247 Unused Serialized files (Serialized files now loaded: 0)
Unloading 40 unused Assets / (95.8 KB). Loaded Objects now: 3754.
Memory consumption went from 238.1 MB to 238.0 MB.
Total: 2.744292 ms (FindLiveObjects: 0.127000 ms CreateObjectMapping: 0.046334 ms MarkObjects: 2.485375 ms  DeleteObjects: 0.084875 ms)

AssetImportParameters requested are different than current active one (requested -> active):
  custom:video-decoder-ogg-theora: a1e56fd34408186e4bbccfd4996cb3dc -> 
  custom:container-muxer-webm: aa71ff27fc2769a1b78a27578f13a17b -> 
  custom:container-demuxer-webm: 4f35f7cbe854078d1ac9338744f61a02 -> 
  custom:video-encoder-webm-vp8: eb34c28f22e8b96e1ab97ce403110664 -> 
  custom:framework-osx-AVFoundation: e770b220cccbd017edd2c1fefb359320 -> 
  custom:audio-encoder-webm-vorbis: bf7c407c2cedff20999df2af8eb42d56 -> 
  custom:SearchIndexIgnoredProperties: e643bd26f0fe6173181afceb89e7c659 -> 
  custom:container-demuxer-ogg: 62fdf1f143b41e24485cea50d1cbac27 -> 
  custom:video-decoder-webm-vp8: 9c59270c3fd7afecdb556c50c9e8de78 -> 
  custom:audio-decoder-ogg-vorbis: bf7c407c2cedff20999df2af8eb42d56 -> 
========================================================================
Received Import Request.
  Time since last request: 253737.243401 seconds.
  path: Assets/Plugins/GitHub/Editor/GitHub.Api.45.dll.mdb
  artifactKey: Guid(181f65fb096cedd4493bc9971257d8b1) Importer(2089858483,934ff659095e30574adcf32a4c2f97b5)
Start importing Assets/Plugins/GitHub/Editor/GitHub.Api.45.dll.mdb using Guid(181f65fb096cedd4493bc9971257d8b1) Importer(2089858483,934ff659095e30574adcf32a4c2f97b5)  -> (artifact id: '6e0ebd78225c2dc4ec9c95ffaad29d06') in 0.286087 seconds 
========================================================================
Received Import Request.
  Time since last request: 0.000059 seconds.
  path: Assets/Plugins
  artifactKey: Guid(720712be6e31c444f88f57bb85bf5fa5) Importer(2089858483,934ff659095e30574adcf32a4c2f97b5)
Start importing Assets/Plugins using Guid(720712be6e31c444f88f57bb85bf5fa5) Importer(2089858483,934ff659095e30574adcf32a4c2f97b5)  -> (artifact id: '663282ce461fb45b3858e83017459611') in 0.001937 seconds 
========================================================================
Received Import Request.
  Time since last request: 0.000051 seconds.
  path: Assets/Plugins/GitHub/Editor/GitHub.Unity.pdb
  artifactKey: Guid(4ba86e5b8d6657b4184ff6b976ac3d3e) Importer(2089858483,934ff659095e30574adcf32a4c2f97b5)
Start importing Assets/Plugins/GitHub/Editor/GitHub.Unity.pdb using Guid(4ba86e5b8d6657b4184ff6b976ac3d3e) Importer(2089858483,934ff659095e30574adcf32a4c2f97b5)  -> (artifact id: '4d88a218b2667cd03fb9d3a03c3dff25') in 0.063782 seconds 
========================================================================
Received Import Request.
  Time since last request: 0.000058 seconds.
  path: Assets/Plugins/GitHub/Editor/x64
  artifactKey: Guid(a0ded7adcc817ce489fec07977f16d13) Importer(2089858483,934ff659095e30574adcf32a4c2f97b5)
Start importing Assets/Plugins/GitHub/Editor/x64 using Guid(a0ded7adcc817ce489fec07977f16d13) Importer(2089858483,934ff659095e30574adcf32a4c2f97b5)  -> (artifact id: '74607cf10dc3d2d224fe4d23fd2b6a9e') in 0.002074 seconds 
========================================================================
Received Import Request.
  Time since last request: 0.000051 seconds.
  path: Assets/Plugins/GitHub/Editor/GitHub.Logging.pdb
  artifactKey: Guid(33d3e83914445de4d92ab0d77d7fa3f9) Importer(2089858483,934ff659095e30574adcf32a4c2f97b5)
Start importing Assets/Plugins/GitHub/Editor/GitHub.Logging.pdb using Guid(33d3e83914445de4d92ab0d77d7fa3f9) Importer(2089858483,934ff659095e30574adcf32a4c2f97b5)  -> (artifact id: 'a4811a54f832305962f40071cb45407f') in 0.007636 seconds 
========================================================================
Received Import Request.
  Time since last request: 0.000048 seconds.
  path: Assets/Plugins/GitHub/Editor/GitHub.UnityShim.dll
  artifactKey: Guid(863e1b9976c4e46d29bf83928b3a8ab2) Importer(2089858483,934ff659095e30574adcf32a4c2f97b5)
Start importing Assets/Plugins/GitHub/Editor/GitHub.UnityShim.dll using Guid(863e1b9976c4e46d29bf83928b3a8ab2) Importer(2089858483,934ff659095e30574adcf32a4c2f97b5)  -> (artifact id: '86da1c0f83623d5063eeb072c41dca04') in 0.757662 seconds 
========================================================================
Received Import Request.
  Time since last request: 0.000072 seconds.
  path: Assets/Plugins/GitHub/Editor/GitHub.Unity.45.dll.mdb
  artifactKey: Guid(877ef3585573ce44eab899298be23158) Importer(2089858483,934ff659095e30574adcf32a4c2f97b5)
Start importing Assets/Plugins/GitHub/Editor/GitHub.Unity.45.dll.mdb using Guid(877ef3585573ce44eab899298be23158) Importer(2089858483,934ff659095e30574adcf32a4c2f97b5)  -> (artifact id: '81dfdec5311244ac11e77753d5fbd6e1') in 0.003108 seconds 
========================================================================
Received Import Request.
  Time since last request: 0.000048 seconds.
  path: Assets/Plugins/GitHub/Editor/System.Threading.dll
  artifactKey: Guid(790749ba7e4b18141953e39cb13f1b79) Importer(2089858483,934ff659095e30574adcf32a4c2f97b5)
Start importing Assets/Plugins/GitHub/Editor/System.Threading.dll using Guid(790749ba7e4b18141953e39cb13f1b79) Importer(2089858483,934ff659095e30574adcf32a4c2f97b5)  -> (artifact id: '4bb2439a3a96af679c0d8e786ef15e71') in 0.002074 seconds 
========================================================================
Received Import Request.
  Time since last request: 0.000043 seconds.
  path: Assets/Plugins/GitHub/Editor/GitHub.Unity.45.pdb
  artifactKey: Guid(5a2082a44711bad4b90f693579c2b336) Importer(2089858483,934ff659095e30574adcf32a4c2f97b5)
Start importing Assets/Plugins/GitHub/Editor/GitHub.Unity.45.pdb using Guid(5a2082a44711bad4b90f693579c2b336) Importer(2089858483,934ff659095e30574adcf32a4c2f97b5)  -> (artifact id: 'b4cfc51533f22acaf2efaa4e1ba36078') in 0.002049 seconds 
========================================================================
Received Import Request.
  Time since last request: 0.000044 seconds.
  path: Assets/Plugins/GitHub/Editor/big-logo@2x.png
  artifactKey: Guid(f81094832d834c64d93b198cb16b6a3e) Importer(2089858483,934ff659095e30574adcf32a4c2f97b5)
Start importing Assets/Plugins/GitHub/Editor/big-logo@2x.png using Guid(f81094832d834c64d93b198cb16b6a3e) Importer(2089858483,934ff659095e30574adcf32a4c2f97b5)  -> (artifact id: '3af3d7d2f488cce8fa58585dcef24239') in 0.381105 seconds 
========================================================================
Received Import Request.
  Time since last request: 0.000056 seconds.
  path: Assets/Plugins/GitHub/Editor/GitHub.Logging.dll.mdb
  artifactKey: Guid(23c8bee69b591054094d32918f98facd) Importer(2089858483,934ff659095e30574adcf32a4c2f97b5)
Start importing Assets/Plugins/GitHub/Editor/GitHub.Logging.dll.mdb using Guid(23c8bee69b591054094d32918f98facd) Importer(2089858483,934ff659095e30574adcf32a4c2f97b5)  -> (artifact id: 'ff98ba7d07f5e690f41e9fbb0159e3b9') in 0.002380 seconds 
========================================================================
Received Import Request.
  Time since last request: 0.000045 seconds.
  path: Assets/Plugins/GitHub/Editor/GitHub.Api.pdb
  artifactKey: Guid(c0809c8f0ddd4b546939f6fe7a94ac6c) Importer(2089858483,934ff659095e30574adcf32a4c2f97b5)
Start importing Assets/Plugins/GitHub/Editor/GitHub.Api.pdb using Guid(c0809c8f0ddd4b546939f6fe7a94ac6c) Importer(2089858483,934ff659095e30574adcf32a4c2f97b5)  -> (artifact id: 'edc71b94d0acb1ed334b64cc7f1d05bc') in 0.002341 seconds 
========================================================================
Received Import Request.
  Time since last request: 0.000049 seconds.
  path: Assets/Plugins/GitHub/Editor/libsfw.so
  artifactKey: Guid(21206c65839f84d0e9ae14bc1fdc68db) Importer(2089858483,934ff659095e30574adcf32a4c2f97b5)
Start importing Assets/Plugins/GitHub/Editor/libsfw.so using Guid(21206c65839f84d0e9ae14bc1fdc68db) Importer(2089858483,934ff659095e30574adcf32a4c2f97b5)  -> (artifact id: '9e2ea780bde872c142429c4738c31baf') in 0.027383 seconds 
========================================================================
Received Import Request.
  Time since last request: 0.000078 seconds.
  path: Assets/Plugins/GitHub/Editor/GitHub.Logging.dll
  artifactKey: Guid(15ca2bebf173f2d4484686a03a45b56d) Importer(2089858483,934ff659095e30574adcf32a4c2f97b5)
Start importing Assets/Plugins/GitHub/Editor/GitHub.Logging.dll using Guid(15ca2bebf173f2d4484686a03a45b56d) Importer(2089858483,934ff659095e30574adcf32a4c2f97b5)  -> (artifact id: 'b52cb76b257f7d56564620b4cf15c72d') in 0.002429 seconds 
========================================================================
Received Import Request.
  Time since last request: 0.000049 seconds.
  path: Assets/Plugins/GitHub/Editor/GitHub.Unity.dll.mdb
  artifactKey: Guid(2590b98e5cafc4e32b61170d7b917ee6) Importer(2089858483,934ff659095e30574adcf32a4c2f97b5)
Start importing Assets/Plugins/GitHub/Editor/GitHub.Unity.dll.mdb using Guid(2590b98e5cafc4e32b61170d7b917ee6) Importer(2089858483,934ff659095e30574adcf32a4c2f97b5)  -> (artifact id: '22f78b28b70fe184b913a37a8191144e') in 0.001911 seconds 
========================================================================
Received Import Request.
  Time since last request: 0.000052 seconds.
  path: Assets/Plugins/GitHub
  artifactKey: Guid(18e096a98c2704c40a818dd1214cd179) Importer(2089858483,934ff659095e30574adcf32a4c2f97b5)
Start importing Assets/Plugins/GitHub using Guid(18e096a98c2704c40a818dd1214cd179) Importer(2089858483,934ff659095e30574adcf32a4c2f97b5)  -> (artifact id: '9514bc9035db682276acc0de429415ce') in 0.001911 seconds 
========================================================================
Received Import Request.
  Time since last request: 0.000052 seconds.
  path: Assets/Plugins/GitHub/Editor/AsyncBridge.Net35.dll
  artifactKey: Guid(d516f2a1bec6a9645a084ef8c9237132) Importer(2089858483,934ff659095e30574adcf32a4c2f97b5)
Start importing Assets/Plugins/GitHub/Editor/AsyncBridge.Net35.dll using Guid(d516f2a1bec6a9645a084ef8c9237132) Importer(2089858483,934ff659095e30574adcf32a4c2f97b5)  -> (artifact id: 'c4063139f10b0200a96c62d76b7972c5') in 0.002123 seconds 
========================================================================
Received Import Request.
  Time since last request: 0.000051 seconds.
  path: Assets/Plugins/GitHub/Editor/GitHub.Api.dll
  artifactKey: Guid(c743ae24ee231884887054d20ccdd0ae) Importer(2089858483,934ff659095e30574adcf32a4c2f97b5)
Start importing Assets/Plugins/GitHub/Editor/GitHub.Api.dll using Guid(c743ae24ee231884887054d20ccdd0ae) Importer(2089858483,934ff659095e30574adcf32a4c2f97b5)  -> (artifact id: '7dfa514dc4ed3ad3e13c69518096df89') in 0.001708 seconds 
========================================================================
Received Import Request.
  Time since last request: 0.000046 seconds.
  path: Assets/Plugins/GitHub/Editor/credits.txt
  artifactKey: Guid(0188ec438976e5849b40a2c1ce5f20f9) Importer(2089858483,934ff659095e30574adcf32a4c2f97b5)
Start importing Assets/Plugins/GitHub/Editor/credits.txt using Guid(0188ec438976e5849b40a2c1ce5f20f9) Importer(2089858483,934ff659095e30574adcf32a4c2f97b5)  -> (artifact id: '4a742efd37b604f1ca2572e5b89014a6') in 1.183052 seconds 
========================================================================
Received Import Request.
  Time since last request: 0.000038 seconds.
  path: Assets/Plugins/GitHub/Editor/Mono.Posix.dll
  artifactKey: Guid(ddb8611e748af425a82a497ac5a98c0c) Importer(2089858483,934ff659095e30574adcf32a4c2f97b5)
Start importing Assets/Plugins/GitHub/Editor/Mono.Posix.dll using Guid(ddb8611e748af425a82a497ac5a98c0c) Importer(2089858483,934ff659095e30574adcf32a4c2f97b5)  -> (artifact id: 'bff03e12086fc6e4cd340a41619a13f8') in 0.019989 seconds 
========================================================================
Received Import Request.
  Time since last request: 0.000053 seconds.
  path: Assets/Plugins/GitHub/Editor
  artifactKey: Guid(cad92998c5182496e8b989b406d9f156) Importer(2089858483,934ff659095e30574adcf32a4c2f97b5)
Start importing Assets/Plugins/GitHub/Editor using Guid(cad92998c5182496e8b989b406d9f156) Importer(2089858483,934ff659095e30574adcf32a4c2f97b5)  -> (artifact id: 'e79161351f73b7eb9c42f390d830a910') in 0.018596 seconds 
========================================================================
Received Import Request.
  Time since last request: 0.000065 seconds.
  path: Assets/Plugins/GitHub/Editor/x86
  artifactKey: Guid(99b48d4d4f6a66340ab06bd487d70a45) Importer(2089858483,934ff659095e30574adcf32a4c2f97b5)
Start importing Assets/Plugins/GitHub/Editor/x86 using Guid(99b48d4d4f6a66340ab06bd487d70a45) Importer(2089858483,934ff659095e30574adcf32a4c2f97b5)  -> (artifact id: '3d2716c5d07573cf88a132030c430f4c') in 0.021797 seconds 
========================================================================
Received Import Request.
  Time since last request: 12.458375 seconds.
  path: Assets/Plugins/GitHub/Editor/GitHub.Api.pdb
  artifactKey: Guid(c0809c8f0ddd4b546939f6fe7a94ac6c) Importer(815301076,1909f56bfc062723c751e8b465ee728b)
Start importing Assets/Plugins/GitHub/Editor/GitHub.Api.pdb using Guid(c0809c8f0ddd4b546939f6fe7a94ac6c) Importer(815301076,1909f56bfc062723c751e8b465ee728b)  -> (artifact id: '0723f303992614450552b123e966ae3a') in 0.009600 seconds 
========================================================================
Received Import Request.
  Time since last request: 0.000058 seconds.
  path: Assets/Plugins/GitHub/Editor/GitHub.Unity.45.dll
  artifactKey: Guid(68c7e4565cde54155bb78d8e935f1ddb) Importer(815301076,1909f56bfc062723c751e8b465ee728b)
Start importing Assets/Plugins/GitHub/Editor/GitHub.Unity.45.dll using Guid(68c7e4565cde54155bb78d8e935f1ddb) Importer(815301076,1909f56bfc062723c751e8b465ee728b)  -> (artifact id: '0413dbb711426623e73690bef0fdafee') in 0.001209 seconds 
========================================================================
Received Import Request.
  Time since last request: 0.000053 seconds.
  path: Assets/Plugins/GitHub/Editor/GitHub.Unity.dll
  artifactKey: Guid(68c7e4565cde54155bb78d8e935f1dd4) Importer(815301076,1909f56bfc062723c751e8b465ee728b)
Start importing Assets/Plugins/GitHub/Editor/GitHub.Unity.dll using Guid(68c7e4565cde54155bb78d8e935f1dd4) Importer(815301076,1909f56bfc062723c751e8b465ee728b)  -> (artifact id: '173353fa5c598b70c1bda34eca67889f') in 0.000686 seconds 
========================================================================
Received Import Request.
  Time since last request: 0.000045 seconds.
  path: Assets/Plugins/GitHub/Editor/GitHub.Api.dll
  artifactKey: Guid(c743ae24ee231884887054d20ccdd0ae) Importer(815301076,1909f56bfc062723c751e8b465ee728b)
Start importing Assets/Plugins/GitHub/Editor/GitHub.Api.dll using Guid(c743ae24ee231884887054d20ccdd0ae) Importer(815301076,1909f56bfc062723c751e8b465ee728b)  -> (artifact id: '1db7a6a16c0268e2d6a3fed3602fe974') in 0.000640 seconds 
========================================================================
Received Import Request.
  Time since last request: 0.000038 seconds.
  path: Assets/Plugins/GitHub/Editor/GitHub.Unity.45.pdb
  artifactKey: Guid(5a2082a44711bad4b90f693579c2b336) Importer(815301076,1909f56bfc062723c751e8b465ee728b)
Start importing Assets/Plugins/GitHub/Editor/GitHub.Unity.45.pdb using Guid(5a2082a44711bad4b90f693579c2b336) Importer(815301076,1909f56bfc062723c751e8b465ee728b)  -> (artifact id: 'ab3935472d8f13746bcfa0c46434f0b5') in 0.000758 seconds 
========================================================================
Received Import Request.
  Time since last request: 0.000055 seconds.
  path: Assets/Plugins/GitHub/Editor/GitHub.Logging.dll
  artifactKey: Guid(15ca2bebf173f2d4484686a03a45b56d) Importer(815301076,1909f56bfc062723c751e8b465ee728b)
Start importing Assets/Plugins/GitHub/Editor/GitHub.Logging.dll using Guid(15ca2bebf173f2d4484686a03a45b56d) Importer(815301076,1909f56bfc062723c751e8b465ee728b)  -> (artifact id: '12a074cb7724050156a1489b18500bf8') in 0.000614 seconds 
========================================================================
Received Import Request.
  Time since last request: 0.000058 seconds.
  path: Assets/Plugins/GitHub/Editor/GitHub.Api.dll.mdb
  artifactKey: Guid(c5c83d14802e712408f23409f3c59e26) Importer(815301076,1909f56bfc062723c751e8b465ee728b)
Start importing Assets/Plugins/GitHub/Editor/GitHub.Api.dll.mdb using Guid(c5c83d14802e712408f23409f3c59e26) Importer(815301076,1909f56bfc062723c751e8b465ee728b)  -> (artifact id: '0342a30df16767837763b2b0fe34e633') in 0.000825 seconds 
========================================================================
Received Import Request.
  Time since last request: 2.100343 seconds.
  path: Assets/Plugins/GitHub/Editor/GitHub.UnityShim.dll.mdb
  artifactKey: Guid(1186e0491049e40ba8e7e19e418d9e8e) Importer(815301076,1909f56bfc062723c751e8b465ee728b)
Start importing Assets/Plugins/GitHub/Editor/GitHub.UnityShim.dll.mdb using Guid(1186e0491049e40ba8e7e19e418d9e8e) Importer(815301076,1909f56bfc062723c751e8b465ee728b)  -> (artifact id: '2d759c520e596ffeb16458693ccffc91') in 0.001782 seconds 
========================================================================
Received Import Request.
  Time since last request: 0.000044 seconds.
  path: Assets/Plugins/GitHub/Editor/Mono.Posix.dll
  artifactKey: Guid(ddb8611e748af425a82a497ac5a98c0c) Importer(815301076,1909f56bfc062723c751e8b465ee728b)
Start importing Assets/Plugins/GitHub/Editor/Mono.Posix.dll using Guid(ddb8611e748af425a82a497ac5a98c0c) Importer(815301076,1909f56bfc062723c751e8b465ee728b)  -> (artifact id: '0a5ab0d3eb5e0467f01229ae7b791d74') in 0.000834 seconds 
========================================================================
Received Import Request.
  Time since last request: 0.000035 seconds.
  path: Assets/Plugins/GitHub/Editor/ExtensionLoader.cs
  artifactKey: Guid(dae2ecee8a704dd59797e26554ff8606) Importer(815301076,1909f56bfc062723c751e8b465ee728b)
Start importing Assets/Plugins/GitHub/Editor/ExtensionLoader.cs using Guid(dae2ecee8a704dd59797e26554ff8606) Importer(815301076,1909f56bfc062723c751e8b465ee728b)  -> (artifact id: '480f01405a1e5126aa32214f601543a8') in 0.031722 seconds 
========================================================================
Received Import Request.
  Time since last request: 0.068870 seconds.
  path: Assets/Plugins/GitHub/Editor/x86
  artifactKey: Guid(99b48d4d4f6a66340ab06bd487d70a45) Importer(815301076,1909f56bfc062723c751e8b465ee728b)
Start importing Assets/Plugins/GitHub/Editor/x86 using Guid(99b48d4d4f6a66340ab06bd487d70a45) Importer(815301076,1909f56bfc062723c751e8b465ee728b)  -> (artifact id: '54b7864e7c6d6e6a273ca9f7cd769e98') in 0.000813 seconds 
========================================================================
Received Import Request.
  Time since last request: 0.254582 seconds.
  path: Assets/Plugins/GitHub/Editor/libsfw.bundle
  artifactKey: Guid(636d33ae594884e7d80b569f429d245d) Importer(815301076,1909f56bfc062723c751e8b465ee728b)
Start importing Assets/Plugins/GitHub/Editor/libsfw.bundle using Guid(636d33ae594884e7d80b569f429d245d) Importer(815301076,1909f56bfc062723c751e8b465ee728b)  -> (artifact id: '29f268701583f1dea88b19d55960e791') in 0.033054 seconds 
========================================================================
Received Import Request.
  Time since last request: 0.000056 seconds.
  path: Assets/Plugins/GitHub/Editor/x64/sfw_x64.dll
  artifactKey: Guid(fe5abeadcbe591e4fa9107fbc02f3998) Importer(815301076,1909f56bfc062723c751e8b465ee728b)
Start importing Assets/Plugins/GitHub/Editor/x64/sfw_x64.dll using Guid(fe5abeadcbe591e4fa9107fbc02f3998) Importer(815301076,1909f56bfc062723c751e8b465ee728b)  -> (artifact id: 'ecac64d5517be293807d5f5ab380b8e6') in 0.001060 seconds 
========================================================================
Received Import Request.
  Time since last request: 0.046284 seconds.
  path: Assets/Plugins/GitHub/Editor/x64/pthreadVC2.dll
  artifactKey: Guid(868fbb4c41814baebc00f96e24ede2f8) Importer(815301076,1909f56bfc062723c751e8b465ee728b)
Start importing Assets/Plugins/GitHub/Editor/x64/pthreadVC2.dll using Guid(868fbb4c41814baebc00f96e24ede2f8) Importer(815301076,1909f56bfc062723c751e8b465ee728b)  -> (artifact id: '2c2d284668d781fa6629e1031d824745') in 0.000628 seconds 
